<?xml version="1.0" encoding="UTF-8"?>
<!-- Generated by org.testng.reporters.JUnitReportReporter -->
<testsuite hostname="LAPTOP-932Q9SV1" failures="0" tests="2" name="com.hackathon.tests.LoginTest" time="11.425" errors="0" timestamp="2025-04-13T12:04:34 IST" skipped="0">
  <testcase classname="com.hackathon.tests.LoginTest" name="invalidLoginTest" time="9.948"/>
  <system-out/>
  <testcase classname="com.hackathon.tests.LoginTest" name="validLoginTest" time="1.477"/>
  <system-out/>
</testsuite> <!-- com.hackathon.tests.LoginTest -->
