<?xml version="1.0" encoding="UTF-8"?>
<!-- Generated by org.testng.reporters.JUnitReportReporter -->
<testsuite hostname="LAPTOP-932Q9SV1" failures="0" tests="1" name="com.hackathon.tests.AlertTest" time="9.134" errors="0" timestamp="2025-04-13T12:04:34 IST" skipped="0">
  <testcase classname="com.hackathon.tests.AlertTest" name="verifyAlerts" time="9.134"/>
  <system-out/>
</testsuite> <!-- com.hackathon.tests.AlertTest -->
